mode: atomic
service-sites/internal/domain/validator/contact.go:12.62,13.36 1 0
service-sites/internal/domain/validator/contact.go:13.36,18.43 4 0
service-sites/internal/domain/validator/contact.go:22.3,23.17 2 0
service-sites/internal/domain/validator/contact.go:18.43,21.4 2 0
service-sites/cmd/handler/resource.go:11.142,16.2 4 1
service-sites/internal/domain/entity/municipalities.go:26.60,28.2 1 0
service-sites/internal/domain/entity/municipalities.go:30.63,34.2 3 0
service-sites/internal/domain/entity/municipalities.go:36.63,39.2 2 0
service-sites/internal/domain/usecase/category.go:18.109,23.2 1 0
service-sites/internal/domain/usecase/category.go:25.60,27.16 2 0
service-sites/internal/domain/usecase/category.go:30.2,30.97 1 0
service-sites/internal/domain/usecase/category.go:27.16,29.3 1 0
service-sites/internal/domain/usecase/category.go:33.87,35.16 2 0
service-sites/internal/domain/usecase/category.go:38.2,38.131 1 0
service-sites/internal/domain/usecase/category.go:35.16,37.3 1 0
service-sites/internal/domain/usecase/category.go:41.90,43.31 2 0
service-sites/internal/domain/usecase/category.go:46.2,48.16 3 0
service-sites/internal/domain/usecase/category.go:51.2,52.16 2 0
service-sites/internal/domain/usecase/category.go:55.2,55.118 1 0
service-sites/internal/domain/usecase/category.go:43.31,45.3 1 0
service-sites/internal/domain/usecase/category.go:48.16,50.3 1 0
service-sites/internal/domain/usecase/category.go:52.16,54.3 1 0
service-sites/internal/domain/usecase/category.go:59.108,61.16 2 0
service-sites/internal/domain/usecase/category.go:64.2,66.16 3 0
service-sites/internal/domain/usecase/category.go:69.2,69.126 1 0
service-sites/internal/domain/usecase/category.go:61.16,63.3 1 0
service-sites/internal/domain/usecase/category.go:66.16,68.3 1 0
service-sites/internal/domain/entity/contact.go:29.53,31.2 1 0
service-sites/internal/domain/entity/contact.go:33.56,37.2 3 0
service-sites/internal/domain/entity/contact.go:39.56,42.2 2 0
service-sites/cmd/handler/category.go:11.142,18.2 6 1
service-sites/cmd/entry/category.go:16.79,20.2 1 1
service-sites/cmd/entry/category.go:22.59,25.2 2 0
service-sites/cmd/entry/category.go:27.62,31.2 3 0
service-sites/cmd/entry/category.go:33.62,36.16 3 0
service-sites/cmd/entry/category.go:39.2,40.33 2 0
service-sites/cmd/entry/category.go:36.16,38.3 1 0
service-sites/cmd/entry/category.go:43.62,47.2 3 0
service-sites/internal/domain/entity/category.go:26.54,28.2 1 0
service-sites/internal/domain/entity/category.go:30.57,34.2 3 0
service-sites/internal/domain/entity/category.go:36.57,39.2 2 0
service-sites/internal/domain/entity/subcategory.go:29.57,31.2 1 0
service-sites/internal/domain/entity/subcategory.go:33.60,37.2 3 0
service-sites/internal/domain/entity/subcategory.go:39.60,42.2 2 0
service-sites/internal/domain/repository/municipalities.go:20.73,24.2 1 0
service-sites/internal/domain/repository/municipalities.go:26.128,29.2 2 0
service-sites/internal/domain/repository/municipalities.go:31.106,35.2 3 0
service-sites/internal/domain/repository/municipalities.go:37.85,39.2 1 0
service-sites/internal/domain/repository/municipalities.go:41.112,45.2 3 0
service-sites/cmd/handler/deparment.go:11.148,17.2 5 1
service-sites/cmd/handler/review.go:11.136,17.2 5 1
service-sites/internal/infra/validation/client.go:19.41,20.17 1 0
service-sites/internal/infra/validation/client.go:33.2,33.17 1 0
service-sites/internal/infra/validation/client.go:20.17,26.13 5 0
service-sites/internal/infra/validation/client.go:29.3,29.85 1 0
service-sites/internal/infra/validation/client.go:26.13,28.4 1 0
service-sites/internal/infra/validation/client.go:29.85,31.4 1 0
service-sites/internal/infra/validation/client.go:41.86,45.25 2 0
service-sites/internal/infra/validation/client.go:53.2,53.15 1 0
service-sites/internal/infra/validation/client.go:45.25,51.3 2 0
service-sites/internal/domain/validator/subcategory.go:12.66,13.36 1 0
service-sites/internal/domain/validator/subcategory.go:13.36,18.47 4 0
service-sites/internal/domain/validator/subcategory.go:22.3,23.17 2 0
service-sites/internal/domain/validator/subcategory.go:18.47,21.4 2 0
service-sites/internal/domain/validator/cateogry.go:12.63,13.36 1 0
service-sites/internal/domain/validator/cateogry.go:13.36,18.44 4 0
service-sites/internal/domain/validator/cateogry.go:22.3,23.17 2 0
service-sites/internal/domain/validator/cateogry.go:18.44,21.4 2 0
service-sites/internal/domain/validator/review.go:14.61,15.36 1 0
service-sites/internal/domain/validator/review.go:15.36,20.42 5 0
service-sites/internal/domain/validator/review.go:24.3,28.17 5 0
service-sites/internal/domain/validator/review.go:20.42,23.4 2 0
service-sites/internal/domain/utils/url.go:5.63,7.27 2 0
service-sites/internal/domain/utils/url.go:10.2,10.10 1 0
service-sites/internal/domain/utils/url.go:7.27,9.3 1 0
service-sites/internal/utils/url_utils.go:9.33,12.2 2 0
service-sites/internal/utils/url_utils.go:14.47,17.2 2 0
service-sites/cmd/entry/sites.go:16.67,20.2 1 1
service-sites/cmd/entry/sites.go:22.53,26.2 3 0
service-sites/cmd/entry/sites.go:28.56,32.2 3 0
service-sites/cmd/entry/sites.go:34.56,38.2 3 0
service-sites/cmd/entry/sites.go:40.53,44.2 3 0
service-sites/internal/utils/decode_file.go:9.58,11.16 2 0
service-sites/internal/utils/decode_file.go:15.2,16.17 2 0
service-sites/internal/utils/decode_file.go:11.16,13.3 1 0
service-sites/cmd/entry/subcategory.go:15.91,19.2 1 1
service-sites/cmd/entry/subcategory.go:21.68,25.2 3 0
service-sites/cmd/entry/subcategory.go:27.65,32.2 4 0
service-sites/internal/domain/repository/category.go:21.61,25.2 1 0
service-sites/internal/domain/repository/category.go:27.99,30.2 2 0
service-sites/internal/domain/repository/category.go:32.73,36.2 3 0
service-sites/internal/domain/repository/category.go:38.97,41.2 2 0
service-sites/internal/domain/repository/category.go:43.67,45.2 1 0
service-sites/internal/domain/repository/category.go:47.89,51.2 3 0
service-sites/cmd/entry/deparment.go:15.85,19.2 1 1
service-sites/cmd/entry/deparment.go:21.61,24.2 2 0
service-sites/cmd/entry/deparment.go:26.64,30.2 3 0
service-sites/cmd/entry/deparment.go:32.64,37.2 4 0
service-sites/internal/domain/entity/department.go:24.55,26.2 1 0
service-sites/internal/domain/entity/department.go:28.59,32.2 3 0
service-sites/internal/domain/entity/department.go:34.59,37.2 2 0
service-sites/internal/utils/random_name.go:7.36,10.2 2 0
service-sites/internal/domain/usecase/resource.go:18.108,23.2 1 0
service-sites/internal/domain/usecase/resource.go:25.105,26.38 1 0
service-sites/internal/domain/usecase/resource.go:34.2,35.16 2 0
service-sites/internal/domain/usecase/resource.go:39.2,39.124 1 0
service-sites/internal/domain/usecase/resource.go:26.38,29.17 2 0
service-sites/internal/domain/usecase/resource.go:32.3,32.30 1 0
service-sites/internal/domain/usecase/resource.go:29.17,31.4 1 0
service-sites/internal/domain/usecase/resource.go:35.16,38.3 1 0
service-sites/internal/domain/usecase/resource.go:42.111,44.31 2 0
service-sites/internal/domain/usecase/resource.go:47.2,49.16 3 0
service-sites/internal/domain/usecase/resource.go:52.2,53.16 2 0
service-sites/internal/domain/usecase/resource.go:56.2,56.116 1 0
service-sites/internal/domain/usecase/resource.go:44.31,46.3 1 0
service-sites/internal/domain/usecase/resource.go:49.16,51.3 1 0
service-sites/internal/domain/usecase/resource.go:53.16,55.3 1 0
service-sites/internal/domain/usecase/review.go:15.113,20.2 1 0
service-sites/internal/domain/usecase/review.go:22.76,24.33 2 0
service-sites/internal/domain/usecase/review.go:27.2,28.33 2 0
service-sites/internal/domain/usecase/review.go:32.2,32.122 1 0
service-sites/internal/domain/usecase/review.go:24.33,26.3 1 0
service-sites/internal/domain/usecase/review.go:28.33,30.3 1 0
service-sites/internal/domain/usecase/review.go:35.84,37.16 2 0
service-sites/internal/domain/usecase/review.go:40.2,40.116 1 0
service-sites/internal/domain/usecase/review.go:37.16,39.3 1 0
service-sites/internal/domain/usecase/review.go:43.67,45.16 2 0
service-sites/internal/domain/usecase/review.go:48.2,48.95 1 0
service-sites/internal/domain/usecase/review.go:45.16,47.3 1 0
service-sites/cmd/entry/municipalities.go:15.103,19.2 1 1
service-sites/cmd/entry/municipalities.go:21.70,26.2 4 0
service-sites/cmd/entry/municipalities.go:28.73,32.2 3 0
service-sites/cmd/entry/municipalities.go:34.73,39.2 4 0
service-sites/internal/domain/validator/resource.go:12.63,13.36 1 0
service-sites/internal/domain/validator/resource.go:13.36,18.44 4 0
service-sites/internal/domain/validator/resource.go:22.3,23.17 2 0
service-sites/internal/domain/validator/resource.go:18.44,21.4 2 0
service-sites/internal/domain/repository/resource.go:20.61,24.2 1 0
service-sites/internal/domain/repository/resource.go:26.97,29.2 2 0
service-sites/internal/domain/repository/resource.go:31.84,35.2 3 0
service-sites/internal/domain/repository/resource.go:37.80,40.2 2 0
service-sites/internal/domain/repository/resource.go:42.101,46.2 3 0
service-sites/internal/domain/repository/deparment.go:20.65,24.2 1 0
service-sites/internal/domain/repository/deparment.go:26.107,29.2 2 0
service-sites/internal/domain/repository/deparment.go:31.79,35.2 3 0
service-sites/internal/domain/repository/deparment.go:37.87,41.2 3 0
service-sites/internal/domain/repository/deparment.go:43.72,45.2 1 0
service-sites/internal/domain/repository/subcategory.go:20.67,24.2 1 0
service-sites/internal/domain/repository/subcategory.go:26.112,29.2 2 0
service-sites/internal/domain/repository/subcategory.go:30.100,34.2 3 0
service-sites/internal/domain/repository/subcategory.go:35.92,38.2 2 0
service-sites/internal/domain/repository/subcategory.go:39.96,43.2 3 0
service-sites/internal/domain/usecase/municipalities.go:19.168,25.2 1 0
service-sites/internal/domain/usecase/municipalities.go:27.86,29.16 2 0
service-sites/internal/domain/usecase/municipalities.go:32.2,32.103 1 0
service-sites/internal/domain/usecase/municipalities.go:29.16,31.3 1 0
service-sites/internal/domain/usecase/municipalities.go:35.131,37.16 2 0
service-sites/internal/domain/usecase/municipalities.go:40.2,42.37 3 0
service-sites/internal/domain/usecase/municipalities.go:46.2,47.16 2 0
service-sites/internal/domain/usecase/municipalities.go:50.2,50.132 1 0
service-sites/internal/domain/usecase/municipalities.go:37.16,39.3 1 0
service-sites/internal/domain/usecase/municipalities.go:42.37,44.3 1 0
service-sites/internal/domain/usecase/municipalities.go:47.16,49.3 1 0
service-sites/internal/domain/usecase/municipalities.go:54.101,56.37 2 0
service-sites/internal/domain/usecase/municipalities.go:59.2,60.45 2 0
service-sites/internal/domain/usecase/municipalities.go:63.2,65.16 3 0
service-sites/internal/domain/usecase/municipalities.go:68.2,69.19 2 0
service-sites/internal/domain/usecase/municipalities.go:72.2,72.118 1 0
service-sites/internal/domain/usecase/municipalities.go:56.37,58.3 1 0
service-sites/internal/domain/usecase/municipalities.go:60.45,62.3 1 0
service-sites/internal/domain/usecase/municipalities.go:65.16,67.3 1 0
service-sites/internal/domain/usecase/municipalities.go:69.19,71.3 1 0
service-sites/cmd/entry/review.go:15.71,19.2 1 1
service-sites/cmd/entry/review.go:21.55,25.2 3 0
service-sites/cmd/entry/review.go:27.58,32.2 4 0
service-sites/cmd/entry/review.go:34.55,38.2 3 0
service-sites/internal/domain/entity/sites.go:43.50,45.2 1 0
service-sites/internal/domain/entity/sites.go:47.54,51.2 3 0
service-sites/internal/domain/entity/sites.go:53.54,56.2 2 0
service-sites/internal/domain/object_values/response.go:10.107,17.2 1 0
service-sites/cmd/handler/contact.go:11.139,16.2 4 1
service-sites/cmd/handler/subcategory.go:11.151,16.2 4 1
service-sites/cmd/entry/contact.go:15.74,19.2 1 1
service-sites/cmd/entry/contact.go:21.60,27.2 5 0
service-sites/cmd/entry/contact.go:29.60,33.2 3 0
service-sites/internal/domain/validator/municipalities.go:12.69,13.36 1 0
service-sites/internal/domain/validator/municipalities.go:13.36,18.50 4 0
service-sites/internal/domain/validator/municipalities.go:22.3,23.17 2 0
service-sites/internal/domain/validator/municipalities.go:18.50,21.4 2 0
service-sites/internal/domain/repository/sites.go:21.55,25.2 1 0
service-sites/internal/domain/repository/sites.go:27.83,30.2 2 0
service-sites/internal/domain/repository/sites.go:31.76,35.2 3 0
service-sites/internal/domain/repository/sites.go:37.58,39.2 1 0
service-sites/internal/domain/repository/sites.go:40.93,48.2 4 0
service-sites/internal/domain/usecase/department.go:18.114,23.2 1 0
service-sites/internal/domain/usecase/department.go:25.63,27.16 2 0
service-sites/internal/domain/usecase/department.go:30.2,30.98 1 0
service-sites/internal/domain/usecase/department.go:27.16,29.3 1 0
service-sites/internal/domain/usecase/department.go:33.114,35.16 2 0
service-sites/internal/domain/usecase/department.go:38.2,40.16 3 0
service-sites/internal/domain/usecase/department.go:43.2,43.131 1 0
service-sites/internal/domain/usecase/department.go:35.16,37.3 1 0
service-sites/internal/domain/usecase/department.go:40.16,42.3 1 0
service-sites/internal/domain/usecase/department.go:46.93,48.45 2 0
service-sites/internal/domain/usecase/department.go:51.2,53.16 3 0
service-sites/internal/domain/usecase/department.go:56.2,57.16 2 0
service-sites/internal/domain/usecase/department.go:60.2,60.121 1 0
service-sites/internal/domain/usecase/department.go:48.45,50.3 1 0
service-sites/internal/domain/usecase/department.go:53.16,55.3 1 0
service-sites/internal/domain/usecase/department.go:57.16,59.3 1 0
service-sites/internal/domain/validator/sites.go:12.60,13.36 1 0
service-sites/internal/domain/validator/sites.go:13.36,18.41 4 0
service-sites/internal/domain/validator/sites.go:22.3,23.17 2 0
service-sites/internal/domain/validator/sites.go:18.41,21.4 2 0
service-sites/cmd/handler/municipalities.go:11.160,17.2 5 1
service-sites/internal/domain/repository/contact.go:18.59,22.2 1 0
service-sites/internal/domain/repository/contact.go:24.92,27.2 2 0
service-sites/internal/domain/repository/contact.go:29.77,32.2 2 0
service-sites/internal/infra/storage/storage.go:24.76,29.2 1 0
service-sites/internal/infra/storage/storage.go:31.102,33.16 2 0
service-sites/internal/infra/storage/storage.go:36.2,43.44 6 0
service-sites/internal/infra/storage/storage.go:48.2,48.35 1 0
service-sites/internal/infra/storage/storage.go:53.2,59.22 2 0
service-sites/internal/infra/storage/storage.go:33.16,35.3 1 0
service-sites/internal/infra/storage/storage.go:43.44,46.3 2 0
service-sites/internal/infra/storage/storage.go:48.35,51.3 2 0
service-sites/internal/infra/storage/storage.go:62.94,67.43 4 0
service-sites/internal/infra/storage/storage.go:71.2,71.12 1 0
service-sites/internal/infra/storage/storage.go:67.43,69.3 1 0
service-sites/internal/domain/usecase/contact.go:14.78,18.2 1 0
service-sites/internal/domain/usecase/contact.go:20.87,22.16 2 0
service-sites/internal/domain/usecase/contact.go:25.2,25.117 1 0
service-sites/internal/domain/usecase/contact.go:22.16,24.3 1 0
service-sites/internal/domain/usecase/contact.go:28.83,30.16 2 0
service-sites/internal/domain/usecase/contact.go:33.2,33.124 1 0
service-sites/internal/domain/usecase/contact.go:30.16,32.3 1 0
service-sites/internal/domain/usecase/sites.go:14.73,18.2 1 0
service-sites/internal/domain/usecase/sites.go:20.83,22.16 2 0
service-sites/internal/domain/usecase/sites.go:25.2,25.94 1 0
service-sites/internal/domain/usecase/sites.go:22.16,24.3 1 0
service-sites/internal/domain/usecase/sites.go:28.68,30.16 2 0
service-sites/internal/domain/usecase/sites.go:33.2,33.93 1 0
service-sites/internal/domain/usecase/sites.go:30.16,32.3 1 0
service-sites/internal/domain/usecase/sites.go:36.68,38.16 2 0
service-sites/internal/domain/usecase/sites.go:41.2,41.114 1 0
service-sites/internal/domain/usecase/sites.go:38.16,40.3 1 0
service-sites/internal/domain/usecase/sites.go:44.71,46.16 2 0
service-sites/internal/domain/usecase/sites.go:49.2,49.118 1 0
service-sites/internal/domain/usecase/sites.go:46.16,48.3 1 0
service-sites/internal/domain/usecase/subcategory.go:19.162,25.2 1 0
service-sites/internal/domain/usecase/subcategory.go:27.120,29.36 2 0
service-sites/internal/domain/usecase/subcategory.go:32.2,33.16 2 0
service-sites/internal/domain/usecase/subcategory.go:36.2,38.16 3 0
service-sites/internal/domain/usecase/subcategory.go:42.2,42.129 1 0
service-sites/internal/domain/usecase/subcategory.go:29.36,31.3 1 0
service-sites/internal/domain/usecase/subcategory.go:33.16,35.3 1 0
service-sites/internal/domain/usecase/subcategory.go:38.16,41.3 1 0
service-sites/internal/domain/usecase/subcategory.go:46.123,48.41 2 0
service-sites/internal/domain/usecase/subcategory.go:51.2,53.16 3 0
service-sites/internal/domain/usecase/subcategory.go:56.2,57.16 2 0
service-sites/internal/domain/usecase/subcategory.go:60.2,60.121 1 0
service-sites/internal/domain/usecase/subcategory.go:48.41,50.3 1 0
service-sites/internal/domain/usecase/subcategory.go:53.16,55.3 1 0
service-sites/internal/domain/usecase/subcategory.go:57.16,59.3 1 0
service-sites/cmd/entry/resource.go:15.79,19.2 1 1
service-sites/cmd/entry/resource.go:21.59,25.2 3 0
service-sites/cmd/entry/resource.go:27.62,32.2 4 0
service-sites/cmd/handler/sites.go:11.133,18.2 6 1
service-sites/internal/domain/entity/resource.go:26.55,28.2 1 0
service-sites/internal/domain/entity/resource.go:30.57,34.2 3 0
service-sites/internal/domain/entity/resource.go:36.57,39.2 2 0
service-sites/internal/domain/utils/sql.go:3.68,7.33 4 0
service-sites/internal/domain/utils/sql.go:15.2,15.25 1 0
service-sites/internal/domain/utils/sql.go:7.33,8.13 1 0
service-sites/internal/domain/utils/sql.go:11.3,13.6 3 0
service-sites/internal/domain/utils/sql.go:8.13,10.4 1 0
service-sites/internal/domain/validator/department.go:12.65,13.36 1 0
service-sites/internal/domain/validator/department.go:13.36,18.46 4 0
service-sites/internal/domain/validator/department.go:22.3,23.17 2 0
service-sites/internal/domain/validator/department.go:18.46,21.4 2 0
service-sites/internal/domain/entity/review.go:19.55,23.2 3 0
service-sites/internal/domain/entity/review.go:25.55,28.2 2 0
service-sites/internal/domain/repository/review.go:19.57,23.2 1 0
service-sites/internal/domain/repository/review.go:25.87,28.2 2 0
service-sites/internal/domain/repository/review.go:29.78,33.2 3 0
service-sites/internal/domain/repository/review.go:34.74,37.2 2 0
service-sites/internal/domain/entity/department.go:24.55,26.2 1 1
service-sites/internal/domain/entity/department.go:28.59,32.2 3 2
service-sites/internal/domain/entity/department.go:34.59,37.2 2 0
service-sites/internal/domain/entity/resource.go:26.55,28.2 1 1
service-sites/internal/domain/entity/resource.go:30.57,34.2 3 2
service-sites/internal/domain/entity/resource.go:36.57,39.2 2 0
service-sites/internal/domain/repository/subcategory.go:20.67,24.2 1 1
service-sites/internal/domain/repository/subcategory.go:26.112,29.2 2 2
service-sites/internal/domain/repository/subcategory.go:30.100,34.2 3 0
service-sites/internal/domain/repository/subcategory.go:35.92,38.2 2 0
service-sites/internal/domain/repository/subcategory.go:39.96,43.2 3 0
service-sites/internal/domain/entity/contact.go:29.53,31.2 1 1
service-sites/internal/domain/entity/contact.go:33.56,37.2 3 2
service-sites/internal/domain/entity/contact.go:39.56,42.2 2 0
service-sites/internal/domain/repository/category.go:21.61,25.2 1 1
service-sites/internal/domain/repository/category.go:27.99,30.2 2 2
service-sites/internal/domain/repository/category.go:32.73,36.2 3 0
service-sites/internal/domain/repository/category.go:38.97,41.2 2 0
service-sites/internal/domain/repository/category.go:43.67,45.2 1 0
service-sites/internal/domain/repository/category.go:47.89,51.2 3 0
service-sites/internal/domain/repository/contact.go:18.59,22.2 1 1
service-sites/internal/domain/repository/contact.go:24.92,27.2 2 2
service-sites/internal/domain/repository/contact.go:29.77,32.2 2 0
service-sites/internal/domain/repository/municipalities.go:20.73,24.2 1 1
service-sites/internal/domain/repository/municipalities.go:26.128,29.2 2 2
service-sites/internal/domain/repository/municipalities.go:31.106,35.2 3 0
service-sites/internal/domain/repository/municipalities.go:37.85,39.2 1 0
service-sites/internal/domain/repository/municipalities.go:41.112,45.2 3 0
service-sites/internal/domain/utils/sql.go:3.68,7.33 4 0
service-sites/internal/domain/utils/sql.go:15.2,15.25 1 0
service-sites/internal/domain/utils/sql.go:7.33,8.13 1 0
service-sites/internal/domain/utils/sql.go:11.3,13.6 3 0
service-sites/internal/domain/utils/sql.go:8.13,10.4 1 0
service-sites/internal/domain/repository/resource.go:20.61,24.2 1 1
service-sites/internal/domain/repository/resource.go:26.97,29.2 2 2
service-sites/internal/domain/repository/resource.go:31.84,35.2 3 0
service-sites/internal/domain/repository/resource.go:37.80,40.2 2 0
service-sites/internal/domain/repository/resource.go:42.101,46.2 3 0
service-sites/internal/domain/repository/sites.go:21.55,25.2 1 1
service-sites/internal/domain/repository/sites.go:27.83,30.2 2 2
service-sites/internal/domain/repository/sites.go:31.76,35.2 3 0
service-sites/internal/domain/repository/sites.go:37.58,39.2 1 0
service-sites/internal/domain/repository/sites.go:40.93,48.2 4 0
service-sites/internal/domain/entity/category.go:26.54,28.2 1 5
service-sites/internal/domain/entity/category.go:30.57,34.2 3 2
service-sites/internal/domain/entity/category.go:36.57,39.2 2 0
service-sites/internal/domain/entity/municipalities.go:26.60,28.2 1 4
service-sites/internal/domain/entity/municipalities.go:30.63,34.2 3 2
service-sites/internal/domain/entity/municipalities.go:36.63,39.2 2 0
service-sites/internal/domain/entity/sites.go:43.50,45.2 1 3
service-sites/internal/domain/entity/sites.go:47.54,51.2 3 2
service-sites/internal/domain/entity/sites.go:53.54,56.2 2 0
service-sites/internal/domain/repository/review.go:19.57,23.2 1 1
service-sites/internal/domain/repository/review.go:25.87,28.2 2 2
service-sites/internal/domain/repository/review.go:29.78,33.2 3 0
service-sites/internal/domain/repository/review.go:34.74,37.2 2 0
service-sites/internal/domain/entity/review.go:19.55,23.2 3 2
service-sites/internal/domain/entity/review.go:25.55,28.2 2 0
service-sites/internal/domain/entity/subcategory.go:29.57,31.2 1 1
service-sites/internal/domain/entity/subcategory.go:33.60,37.2 3 2
service-sites/internal/domain/entity/subcategory.go:39.60,42.2 2 0
service-sites/internal/domain/utils/url.go:5.63,7.27 2 0
service-sites/internal/domain/utils/url.go:10.2,10.10 1 0
service-sites/internal/domain/utils/url.go:7.27,9.3 1 0
service-sites/internal/domain/repository/deparment.go:20.65,24.2 1 1
service-sites/internal/domain/repository/deparment.go:26.107,29.2 2 2
service-sites/internal/domain/repository/deparment.go:31.79,35.2 3 0
service-sites/internal/domain/repository/deparment.go:37.87,41.2 3 0
service-sites/internal/domain/repository/deparment.go:43.72,45.2 1 0
service-sites/internal/domain/entity/sites.go:43.50,45.2 1 0
service-sites/internal/domain/entity/sites.go:47.54,51.2 3 0
service-sites/internal/domain/entity/sites.go:53.54,56.2 2 0
service-sites/internal/domain/repository/deparment.go:20.65,24.2 1 0
service-sites/internal/domain/repository/deparment.go:26.107,29.2 2 0
service-sites/internal/domain/repository/deparment.go:31.79,35.2 3 0
service-sites/internal/domain/repository/deparment.go:37.87,41.2 3 0
service-sites/internal/domain/repository/deparment.go:43.72,45.2 1 0
service-sites/internal/domain/repository/municipalities.go:20.73,24.2 1 0
service-sites/internal/domain/repository/municipalities.go:26.128,29.2 2 0
service-sites/internal/domain/repository/municipalities.go:31.106,35.2 3 0
service-sites/internal/domain/repository/municipalities.go:37.85,39.2 1 0
service-sites/internal/domain/repository/municipalities.go:41.112,45.2 3 0
service-sites/internal/domain/usecase/municipalities.go:19.168,25.2 1 0
service-sites/internal/domain/usecase/municipalities.go:27.86,29.16 2 0
service-sites/internal/domain/usecase/municipalities.go:32.2,32.103 1 0
service-sites/internal/domain/usecase/municipalities.go:29.16,31.3 1 0
service-sites/internal/domain/usecase/municipalities.go:35.131,37.16 2 0
service-sites/internal/domain/usecase/municipalities.go:40.2,42.37 3 0
service-sites/internal/domain/usecase/municipalities.go:46.2,47.16 2 0
service-sites/internal/domain/usecase/municipalities.go:50.2,50.132 1 0
service-sites/internal/domain/usecase/municipalities.go:37.16,39.3 1 0
service-sites/internal/domain/usecase/municipalities.go:42.37,44.3 1 0
service-sites/internal/domain/usecase/municipalities.go:47.16,49.3 1 0
service-sites/internal/domain/usecase/municipalities.go:54.101,56.37 2 0
service-sites/internal/domain/usecase/municipalities.go:59.2,60.45 2 0
service-sites/internal/domain/usecase/municipalities.go:63.2,65.16 3 0
service-sites/internal/domain/usecase/municipalities.go:68.2,69.19 2 0
service-sites/internal/domain/usecase/municipalities.go:72.2,72.118 1 0
service-sites/internal/domain/usecase/municipalities.go:56.37,58.3 1 0
service-sites/internal/domain/usecase/municipalities.go:60.45,62.3 1 0
service-sites/internal/domain/usecase/municipalities.go:65.16,67.3 1 0
service-sites/internal/domain/usecase/municipalities.go:69.19,71.3 1 0
service-sites/internal/domain/entity/contact.go:29.53,31.2 1 0
service-sites/internal/domain/entity/contact.go:33.56,37.2 3 0
service-sites/internal/domain/entity/contact.go:39.56,42.2 2 0
service-sites/internal/domain/usecase/contact.go:14.78,18.2 1 4
service-sites/internal/domain/usecase/contact.go:20.87,22.16 2 2
service-sites/internal/domain/usecase/contact.go:25.2,25.117 1 1
service-sites/internal/domain/usecase/contact.go:22.16,24.3 1 1
service-sites/internal/domain/usecase/contact.go:28.83,30.16 2 2
service-sites/internal/domain/usecase/contact.go:33.2,33.124 1 1
service-sites/internal/domain/usecase/contact.go:30.16,32.3 1 1
service-sites/internal/domain/usecase/subcategory.go:19.162,25.2 1 0
service-sites/internal/domain/usecase/subcategory.go:27.120,29.36 2 0
service-sites/internal/domain/usecase/subcategory.go:32.2,33.16 2 0
service-sites/internal/domain/usecase/subcategory.go:36.2,38.16 3 0
service-sites/internal/domain/usecase/subcategory.go:42.2,42.129 1 0
service-sites/internal/domain/usecase/subcategory.go:29.36,31.3 1 0
service-sites/internal/domain/usecase/subcategory.go:33.16,35.3 1 0
service-sites/internal/domain/usecase/subcategory.go:38.16,41.3 1 0
service-sites/internal/domain/usecase/subcategory.go:46.123,48.41 2 0
service-sites/internal/domain/usecase/subcategory.go:51.2,53.16 3 0
service-sites/internal/domain/usecase/subcategory.go:56.2,57.16 2 0
service-sites/internal/domain/usecase/subcategory.go:60.2,60.121 1 0
service-sites/internal/domain/usecase/subcategory.go:48.41,50.3 1 0
service-sites/internal/domain/usecase/subcategory.go:53.16,55.3 1 0
service-sites/internal/domain/usecase/subcategory.go:57.16,59.3 1 0
service-sites/internal/domain/usecase/sites.go:14.73,18.2 1 0
service-sites/internal/domain/usecase/sites.go:20.83,22.16 2 0
service-sites/internal/domain/usecase/sites.go:25.2,25.94 1 0
service-sites/internal/domain/usecase/sites.go:22.16,24.3 1 0
service-sites/internal/domain/usecase/sites.go:28.68,30.16 2 0
service-sites/internal/domain/usecase/sites.go:33.2,33.93 1 0
service-sites/internal/domain/usecase/sites.go:30.16,32.3 1 0
service-sites/internal/domain/usecase/sites.go:36.68,38.16 2 0
service-sites/internal/domain/usecase/sites.go:41.2,41.114 1 0
service-sites/internal/domain/usecase/sites.go:38.16,40.3 1 0
service-sites/internal/domain/usecase/sites.go:44.71,46.16 2 0
service-sites/internal/domain/usecase/sites.go:49.2,49.118 1 0
service-sites/internal/domain/usecase/sites.go:46.16,48.3 1 0
service-sites/internal/domain/entity/department.go:24.55,26.2 1 0
service-sites/internal/domain/entity/department.go:28.59,32.2 3 0
service-sites/internal/domain/entity/department.go:34.59,37.2 2 0
service-sites/internal/domain/object_values/response.go:10.107,17.2 1 24
service-sites/internal/domain/utils/url.go:5.63,7.27 2 0
service-sites/internal/domain/utils/url.go:10.2,10.10 1 0
service-sites/internal/domain/utils/url.go:7.27,9.3 1 0
service-sites/internal/utils/decode_file.go:9.58,11.16 2 0
service-sites/internal/utils/decode_file.go:15.2,16.17 2 0
service-sites/internal/utils/decode_file.go:11.16,13.3 1 0
service-sites/internal/domain/usecase/category.go:18.109,23.2 1 11
service-sites/internal/domain/usecase/category.go:25.60,27.16 2 2
service-sites/internal/domain/usecase/category.go:30.2,30.97 1 1
service-sites/internal/domain/usecase/category.go:27.16,29.3 1 1
service-sites/internal/domain/usecase/category.go:33.87,35.16 2 2
service-sites/internal/domain/usecase/category.go:38.2,38.131 1 1
service-sites/internal/domain/usecase/category.go:35.16,37.3 1 1
service-sites/internal/domain/usecase/category.go:41.90,43.31 2 4
service-sites/internal/domain/usecase/category.go:46.2,48.16 3 3
service-sites/internal/domain/usecase/category.go:51.2,52.16 2 2
service-sites/internal/domain/usecase/category.go:55.2,55.118 1 1
service-sites/internal/domain/usecase/category.go:43.31,45.3 1 1
service-sites/internal/domain/usecase/category.go:48.16,50.3 1 1
service-sites/internal/domain/usecase/category.go:52.16,54.3 1 1
service-sites/internal/domain/usecase/category.go:59.108,61.16 2 3
service-sites/internal/domain/usecase/category.go:64.2,66.16 3 2
service-sites/internal/domain/usecase/category.go:69.2,69.126 1 1
service-sites/internal/domain/usecase/category.go:61.16,63.3 1 1
service-sites/internal/domain/usecase/category.go:66.16,68.3 1 1
service-sites/internal/domain/usecase/department.go:18.114,23.2 1 9
service-sites/internal/domain/usecase/department.go:25.63,27.16 2 2
service-sites/internal/domain/usecase/department.go:30.2,30.98 1 1
service-sites/internal/domain/usecase/department.go:27.16,29.3 1 1
service-sites/internal/domain/usecase/department.go:33.114,35.16 2 3
service-sites/internal/domain/usecase/department.go:38.2,40.16 3 2
service-sites/internal/domain/usecase/department.go:43.2,43.131 1 1
service-sites/internal/domain/usecase/department.go:35.16,37.3 1 1
service-sites/internal/domain/usecase/department.go:40.16,42.3 1 1
service-sites/internal/domain/usecase/department.go:46.93,48.45 2 4
service-sites/internal/domain/usecase/department.go:51.2,53.16 3 3
service-sites/internal/domain/usecase/department.go:56.2,57.16 2 2
service-sites/internal/domain/usecase/department.go:60.2,60.121 1 1
service-sites/internal/domain/usecase/department.go:48.45,50.3 1 1
service-sites/internal/domain/usecase/department.go:53.16,55.3 1 1
service-sites/internal/domain/usecase/department.go:57.16,59.3 1 1
service-sites/internal/domain/usecase/resource.go:18.108,23.2 1 0
service-sites/internal/domain/usecase/resource.go:25.105,26.38 1 0
service-sites/internal/domain/usecase/resource.go:34.2,35.16 2 0
service-sites/internal/domain/usecase/resource.go:39.2,39.124 1 0
service-sites/internal/domain/usecase/resource.go:26.38,29.17 2 0
service-sites/internal/domain/usecase/resource.go:32.3,32.30 1 0
service-sites/internal/domain/usecase/resource.go:29.17,31.4 1 0
service-sites/internal/domain/usecase/resource.go:35.16,38.3 1 0
service-sites/internal/domain/usecase/resource.go:42.111,44.31 2 0
service-sites/internal/domain/usecase/resource.go:47.2,49.16 3 0
service-sites/internal/domain/usecase/resource.go:52.2,53.16 2 0
service-sites/internal/domain/usecase/resource.go:56.2,56.116 1 0
service-sites/internal/domain/usecase/resource.go:44.31,46.3 1 0
service-sites/internal/domain/usecase/resource.go:49.16,51.3 1 0
service-sites/internal/domain/usecase/resource.go:53.16,55.3 1 0
service-sites/mocks/IRepositoryCategory.go:17.69,21.48 3 2
service-sites/mocks/IRepositoryCategory.go:27.2,27.11 1 2
service-sites/mocks/IRepositoryCategory.go:21.48,23.3 1 0
service-sites/mocks/IRepositoryCategory.go:23.8,25.3 1 2
service-sites/mocks/IRepositoryCategory.go:31.75,36.67 4 2
service-sites/mocks/IRepositoryCategory.go:39.2,39.58 1 2
service-sites/mocks/IRepositoryCategory.go:47.2,47.45 1 2
service-sites/mocks/IRepositoryCategory.go:53.2,53.15 1 2
service-sites/mocks/IRepositoryCategory.go:36.67,38.3 1 0
service-sites/mocks/IRepositoryCategory.go:39.58,41.3 1 0
service-sites/mocks/IRepositoryCategory.go:41.8,42.24 1 2
service-sites/mocks/IRepositoryCategory.go:42.24,44.4 1 2
service-sites/mocks/IRepositoryCategory.go:47.45,49.3 1 0
service-sites/mocks/IRepositoryCategory.go:49.8,51.3 1 2
service-sites/mocks/IRepositoryCategory.go:57.91,62.68 4 4
service-sites/mocks/IRepositoryCategory.go:65.2,65.59 1 4
service-sites/mocks/IRepositoryCategory.go:73.2,73.48 1 4
service-sites/mocks/IRepositoryCategory.go:79.2,79.15 1 4
service-sites/mocks/IRepositoryCategory.go:62.68,64.3 1 0
service-sites/mocks/IRepositoryCategory.go:65.59,67.3 1 0
service-sites/mocks/IRepositoryCategory.go:67.8,68.24 1 4
service-sites/mocks/IRepositoryCategory.go:68.24,70.4 1 4
service-sites/mocks/IRepositoryCategory.go:73.48,75.3 1 0
service-sites/mocks/IRepositoryCategory.go:75.8,77.3 1 4
service-sites/mocks/IRepositoryCategory.go:83.101,88.80 4 2
service-sites/mocks/IRepositoryCategory.go:91.2,91.71 1 2
service-sites/mocks/IRepositoryCategory.go:99.2,99.60 1 2
service-sites/mocks/IRepositoryCategory.go:105.2,105.15 1 2
service-sites/mocks/IRepositoryCategory.go:88.80,90.3 1 0
service-sites/mocks/IRepositoryCategory.go:91.71,93.3 1 0
service-sites/mocks/IRepositoryCategory.go:93.8,94.24 1 2
service-sites/mocks/IRepositoryCategory.go:94.24,96.4 1 2
service-sites/mocks/IRepositoryCategory.go:99.60,101.3 1 0
service-sites/mocks/IRepositoryCategory.go:101.8,103.3 1 2
service-sites/mocks/IRepositoryCategory.go:109.99,114.80 4 2
service-sites/mocks/IRepositoryCategory.go:117.2,117.71 1 2
service-sites/mocks/IRepositoryCategory.go:125.2,125.60 1 2
service-sites/mocks/IRepositoryCategory.go:131.2,131.15 1 2
service-sites/mocks/IRepositoryCategory.go:114.80,116.3 1 0
service-sites/mocks/IRepositoryCategory.go:117.71,119.3 1 0
service-sites/mocks/IRepositoryCategory.go:119.8,120.24 1 2
service-sites/mocks/IRepositoryCategory.go:120.24,122.4 1 2
service-sites/mocks/IRepositoryCategory.go:125.60,127.3 1 0
service-sites/mocks/IRepositoryCategory.go:127.8,129.3 1 2
service-sites/mocks/IRepositoryCategory.go:140.99,144.19 3 11
service-sites/mocks/IRepositoryCategory.go:146.2,146.13 1 11
service-sites/mocks/IRepositoryCategory.go:144.19,144.49 1 11
service-sites/mocks/IRepositoryDepartment.go:17.74,21.48 3 2
service-sites/mocks/IRepositoryDepartment.go:27.2,27.11 1 2
service-sites/mocks/IRepositoryDepartment.go:21.48,23.3 1 0
service-sites/mocks/IRepositoryDepartment.go:23.8,25.3 1 2
service-sites/mocks/IRepositoryDepartment.go:31.81,36.69 4 2
service-sites/mocks/IRepositoryDepartment.go:39.2,39.60 1 2
service-sites/mocks/IRepositoryDepartment.go:47.2,47.45 1 2
service-sites/mocks/IRepositoryDepartment.go:53.2,53.15 1 2
service-sites/mocks/IRepositoryDepartment.go:36.69,38.3 1 0
service-sites/mocks/IRepositoryDepartment.go:39.60,41.3 1 0
service-sites/mocks/IRepositoryDepartment.go:41.8,42.24 1 2
service-sites/mocks/IRepositoryDepartment.go:42.24,44.4 1 2
service-sites/mocks/IRepositoryDepartment.go:47.45,49.3 1 0
service-sites/mocks/IRepositoryDepartment.go:49.8,51.3 1 2
service-sites/mocks/IRepositoryDepartment.go:57.89,62.70 4 4
service-sites/mocks/IRepositoryDepartment.go:65.2,65.61 1 4
service-sites/mocks/IRepositoryDepartment.go:73.2,73.48 1 4
service-sites/mocks/IRepositoryDepartment.go:79.2,79.15 1 4
service-sites/mocks/IRepositoryDepartment.go:62.70,64.3 1 0
service-sites/mocks/IRepositoryDepartment.go:65.61,67.3 1 0
service-sites/mocks/IRepositoryDepartment.go:67.8,68.24 1 4
service-sites/mocks/IRepositoryDepartment.go:68.24,70.4 1 4
service-sites/mocks/IRepositoryDepartment.go:73.48,75.3 1 0
service-sites/mocks/IRepositoryDepartment.go:75.8,77.3 1 4
service-sites/mocks/IRepositoryDepartment.go:83.109,88.84 4 2
service-sites/mocks/IRepositoryDepartment.go:91.2,91.75 1 2
service-sites/mocks/IRepositoryDepartment.go:99.2,99.62 1 2
service-sites/mocks/IRepositoryDepartment.go:105.2,105.15 1 2
service-sites/mocks/IRepositoryDepartment.go:88.84,90.3 1 0
service-sites/mocks/IRepositoryDepartment.go:91.75,93.3 1 0
service-sites/mocks/IRepositoryDepartment.go:93.8,94.24 1 2
service-sites/mocks/IRepositoryDepartment.go:94.24,96.4 1 2
service-sites/mocks/IRepositoryDepartment.go:99.62,101.3 1 0
service-sites/mocks/IRepositoryDepartment.go:101.8,103.3 1 2
service-sites/mocks/IRepositoryDepartment.go:114.105,118.19 3 9
service-sites/mocks/IRepositoryDepartment.go:120.2,120.13 1 9
service-sites/mocks/IRepositoryDepartment.go:118.19,118.49 1 9
service-sites/mocks/IRepositoryResource.go:17.82,21.53 3 0
service-sites/mocks/IRepositoryResource.go:27.2,27.11 1 0
service-sites/mocks/IRepositoryResource.go:21.53,23.3 1 0
service-sites/mocks/IRepositoryResource.go:23.8,25.3 1 0
service-sites/mocks/IRepositoryResource.go:31.103,36.73 4 0
service-sites/mocks/IRepositoryResource.go:39.2,39.64 1 0
service-sites/mocks/IRepositoryResource.go:47.2,47.53 1 0
service-sites/mocks/IRepositoryResource.go:53.2,53.15 1 0
service-sites/mocks/IRepositoryResource.go:36.73,38.3 1 0
service-sites/mocks/IRepositoryResource.go:39.64,41.3 1 0
service-sites/mocks/IRepositoryResource.go:41.8,42.24 1 0
service-sites/mocks/IRepositoryResource.go:42.24,44.4 1 0
service-sites/mocks/IRepositoryResource.go:47.53,49.3 1 0
service-sites/mocks/IRepositoryResource.go:49.8,51.3 1 0
service-sites/mocks/IRepositoryResource.go:57.86,62.70 4 0
service-sites/mocks/IRepositoryResource.go:65.2,65.61 1 0
service-sites/mocks/IRepositoryResource.go:73.2,73.48 1 0
service-sites/mocks/IRepositoryResource.go:79.2,79.15 1 0
service-sites/mocks/IRepositoryResource.go:62.70,64.3 1 0
service-sites/mocks/IRepositoryResource.go:65.61,67.3 1 0
service-sites/mocks/IRepositoryResource.go:67.8,68.24 1 0
service-sites/mocks/IRepositoryResource.go:68.24,70.4 1 0
service-sites/mocks/IRepositoryResource.go:73.48,75.3 1 0
service-sites/mocks/IRepositoryResource.go:75.8,77.3 1 0
service-sites/mocks/IRepositoryResource.go:83.99,88.80 4 0
service-sites/mocks/IRepositoryResource.go:91.2,91.71 1 0
service-sites/mocks/IRepositoryResource.go:99.2,99.60 1 0
service-sites/mocks/IRepositoryResource.go:105.2,105.15 1 0
service-sites/mocks/IRepositoryResource.go:88.80,90.3 1 0
service-sites/mocks/IRepositoryResource.go:91.71,93.3 1 0
service-sites/mocks/IRepositoryResource.go:93.8,94.24 1 0
service-sites/mocks/IRepositoryResource.go:94.24,96.4 1 0
service-sites/mocks/IRepositoryResource.go:99.60,101.3 1 0
service-sites/mocks/IRepositoryResource.go:101.8,103.3 1 0
service-sites/mocks/IRepositoryResource.go:114.99,118.19 3 0
service-sites/mocks/IRepositoryResource.go:120.2,120.13 1 0
service-sites/mocks/IRepositoryResource.go:118.19,118.49 1 0
service-sites/internal/domain/repository/sites.go:21.55,25.2 1 0
service-sites/internal/domain/repository/sites.go:27.83,30.2 2 0
service-sites/internal/domain/repository/sites.go:31.76,35.2 3 0
service-sites/internal/domain/repository/sites.go:37.58,39.2 1 0
service-sites/internal/domain/repository/sites.go:40.93,48.2 4 0
service-sites/internal/utils/random_name.go:7.36,10.2 2 0
service-sites/internal/infra/storage/storage.go:24.76,29.2 1 0
service-sites/internal/infra/storage/storage.go:31.102,33.16 2 0
service-sites/internal/infra/storage/storage.go:36.2,43.44 6 0
service-sites/internal/infra/storage/storage.go:48.2,48.35 1 0
service-sites/internal/infra/storage/storage.go:53.2,59.22 2 0
service-sites/internal/infra/storage/storage.go:33.16,35.3 1 0
service-sites/internal/infra/storage/storage.go:43.44,46.3 2 0
service-sites/internal/infra/storage/storage.go:48.35,51.3 2 0
service-sites/internal/infra/storage/storage.go:62.94,67.43 4 0
service-sites/internal/infra/storage/storage.go:71.2,71.12 1 0
service-sites/internal/infra/storage/storage.go:67.43,69.3 1 0
service-sites/internal/domain/repository/contact.go:18.59,22.2 1 0
service-sites/internal/domain/repository/contact.go:24.92,27.2 2 0
service-sites/internal/domain/repository/contact.go:29.77,32.2 2 0
service-sites/internal/domain/repository/subcategory.go:20.67,24.2 1 0
service-sites/internal/domain/repository/subcategory.go:26.112,29.2 2 0
service-sites/internal/domain/repository/subcategory.go:30.100,34.2 3 0
service-sites/internal/domain/repository/subcategory.go:35.92,38.2 2 0
service-sites/internal/domain/repository/subcategory.go:39.96,43.2 3 0
service-sites/mocks/ClientRest.go:16.89,21.82 4 0
service-sites/mocks/ClientRest.go:24.2,24.73 1 0
service-sites/mocks/ClientRest.go:32.2,32.64 1 0
service-sites/mocks/ClientRest.go:38.2,38.15 1 0
service-sites/mocks/ClientRest.go:21.82,23.3 1 0
service-sites/mocks/ClientRest.go:24.73,26.3 1 0
service-sites/mocks/ClientRest.go:26.8,27.24 1 0
service-sites/mocks/ClientRest.go:27.24,29.4 1 0
service-sites/mocks/ClientRest.go:32.64,34.3 1 0
service-sites/mocks/ClientRest.go:34.8,36.3 1 0
service-sites/mocks/ClientRest.go:42.68,47.69 4 0
service-sites/mocks/ClientRest.go:50.2,50.60 1 0
service-sites/mocks/ClientRest.go:58.2,58.51 1 0
service-sites/mocks/ClientRest.go:64.2,64.15 1 0
service-sites/mocks/ClientRest.go:47.69,49.3 1 0
service-sites/mocks/ClientRest.go:50.60,52.3 1 0
service-sites/mocks/ClientRest.go:52.8,53.24 1 0
service-sites/mocks/ClientRest.go:53.24,55.4 1 0
service-sites/mocks/ClientRest.go:58.51,60.3 1 0
service-sites/mocks/ClientRest.go:60.8,62.3 1 0
service-sites/mocks/ClientRest.go:68.87,73.82 4 0
service-sites/mocks/ClientRest.go:76.2,76.73 1 0
service-sites/mocks/ClientRest.go:84.2,84.64 1 0
service-sites/mocks/ClientRest.go:90.2,90.15 1 0
service-sites/mocks/ClientRest.go:73.82,75.3 1 0
service-sites/mocks/ClientRest.go:76.73,78.3 1 0
service-sites/mocks/ClientRest.go:78.8,79.24 1 0
service-sites/mocks/ClientRest.go:79.24,81.4 1 0
service-sites/mocks/ClientRest.go:84.64,86.3 1 0
service-sites/mocks/ClientRest.go:86.8,88.3 1 0
service-sites/mocks/ClientRest.go:94.86,99.82 4 0
service-sites/mocks/ClientRest.go:102.2,102.73 1 0
service-sites/mocks/ClientRest.go:110.2,110.64 1 0
service-sites/mocks/ClientRest.go:116.2,116.15 1 0
service-sites/mocks/ClientRest.go:99.82,101.3 1 0
service-sites/mocks/ClientRest.go:102.73,104.3 1 0
service-sites/mocks/ClientRest.go:104.8,105.24 1 0
service-sites/mocks/ClientRest.go:105.24,107.4 1 0
service-sites/mocks/ClientRest.go:110.64,112.3 1 0
service-sites/mocks/ClientRest.go:112.8,114.3 1 0
service-sites/mocks/ClientRest.go:125.72,129.19 3 0
service-sites/mocks/ClientRest.go:131.2,131.13 1 0
service-sites/mocks/ClientRest.go:129.19,129.49 1 0
service-sites/mocks/IRepositorySites.go:17.60,21.48 3 0
service-sites/mocks/IRepositorySites.go:27.2,27.11 1 0
service-sites/mocks/IRepositorySites.go:21.48,23.3 1 0
service-sites/mocks/IRepositorySites.go:23.8,25.3 1 0
service-sites/mocks/IRepositorySites.go:31.78,36.65 4 0
service-sites/mocks/IRepositorySites.go:39.2,39.56 1 0
service-sites/mocks/IRepositorySites.go:47.2,47.48 1 0
service-sites/mocks/IRepositorySites.go:53.2,53.15 1 0
service-sites/mocks/IRepositorySites.go:36.65,38.3 1 0
service-sites/mocks/IRepositorySites.go:39.56,41.3 1 0
service-sites/mocks/IRepositorySites.go:41.8,42.24 1 0
service-sites/mocks/IRepositorySites.go:42.24,44.4 1 0
service-sites/mocks/IRepositorySites.go:47.48,49.3 1 0
service-sites/mocks/IRepositorySites.go:49.8,51.3 1 0
service-sites/mocks/IRepositorySites.go:57.95,62.86 4 0
service-sites/mocks/IRepositorySites.go:65.2,65.77 1 0
service-sites/mocks/IRepositorySites.go:73.2,73.67 1 0
service-sites/mocks/IRepositorySites.go:79.2,79.15 1 0
service-sites/mocks/IRepositorySites.go:62.86,64.3 1 0
service-sites/mocks/IRepositorySites.go:65.77,67.3 1 0
service-sites/mocks/IRepositorySites.go:67.8,68.24 1 0
service-sites/mocks/IRepositorySites.go:68.24,70.4 1 0
service-sites/mocks/IRepositorySites.go:73.67,75.3 1 0
service-sites/mocks/IRepositorySites.go:75.8,77.3 1 0
service-sites/mocks/IRepositorySites.go:83.85,88.74 4 0
service-sites/mocks/IRepositorySites.go:91.2,91.65 1 0
service-sites/mocks/IRepositorySites.go:99.2,99.57 1 0
service-sites/mocks/IRepositorySites.go:105.2,105.15 1 0
service-sites/mocks/IRepositorySites.go:88.74,90.3 1 0
service-sites/mocks/IRepositorySites.go:91.65,93.3 1 0
service-sites/mocks/IRepositorySites.go:93.8,94.24 1 0
service-sites/mocks/IRepositorySites.go:94.24,96.4 1 0
service-sites/mocks/IRepositorySites.go:99.57,101.3 1 0
service-sites/mocks/IRepositorySites.go:101.8,103.3 1 0
service-sites/mocks/IRepositorySites.go:114.90,118.19 3 0
service-sites/mocks/IRepositorySites.go:120.2,120.13 1 0
service-sites/mocks/IRepositorySites.go:118.19,118.49 1 0
service-sites/internal/domain/entity/subcategory.go:29.57,31.2 1 0
service-sites/internal/domain/entity/subcategory.go:33.60,37.2 3 0
service-sites/internal/domain/entity/subcategory.go:39.60,42.2 2 0
service-sites/internal/domain/repository/category.go:21.61,25.2 1 0
service-sites/internal/domain/repository/category.go:27.99,30.2 2 0
service-sites/internal/domain/repository/category.go:32.73,36.2 3 0
service-sites/internal/domain/repository/category.go:38.97,41.2 2 0
service-sites/internal/domain/repository/category.go:43.67,45.2 1 0
service-sites/internal/domain/repository/category.go:47.89,51.2 3 0
service-sites/internal/domain/repository/resource.go:20.61,24.2 1 0
service-sites/internal/domain/repository/resource.go:26.97,29.2 2 0
service-sites/internal/domain/repository/resource.go:31.84,35.2 3 0
service-sites/internal/domain/repository/resource.go:37.80,40.2 2 0
service-sites/internal/domain/repository/resource.go:42.101,46.2 3 0
service-sites/mocks/IRepositoryMunicipalities.go:17.87,21.48 3 0
service-sites/mocks/IRepositoryMunicipalities.go:27.2,27.11 1 0
service-sites/mocks/IRepositoryMunicipalities.go:21.48,23.3 1 0
service-sites/mocks/IRepositoryMunicipalities.go:23.8,25.3 1 0
service-sites/mocks/IRepositoryMunicipalities.go:31.108,36.76 4 0
service-sites/mocks/IRepositoryMunicipalities.go:39.2,39.67 1 0
service-sites/mocks/IRepositoryMunicipalities.go:47.2,47.48 1 0
service-sites/mocks/IRepositoryMunicipalities.go:53.2,53.15 1 0
service-sites/mocks/IRepositoryMunicipalities.go:36.76,38.3 1 0
service-sites/mocks/IRepositoryMunicipalities.go:39.67,41.3 1 0
service-sites/mocks/IRepositoryMunicipalities.go:41.8,42.24 1 0
service-sites/mocks/IRepositoryMunicipalities.go:42.24,44.4 1 0
service-sites/mocks/IRepositoryMunicipalities.go:47.48,49.3 1 0
service-sites/mocks/IRepositoryMunicipalities.go:49.8,51.3 1 0
service-sites/mocks/IRepositoryMunicipalities.go:57.114,62.74 4 0
service-sites/mocks/IRepositoryMunicipalities.go:65.2,65.65 1 0
service-sites/mocks/IRepositoryMunicipalities.go:73.2,73.48 1 0
service-sites/mocks/IRepositoryMunicipalities.go:79.2,79.15 1 0
service-sites/mocks/IRepositoryMunicipalities.go:62.74,64.3 1 0
service-sites/mocks/IRepositoryMunicipalities.go:65.65,67.3 1 0
service-sites/mocks/IRepositoryMunicipalities.go:67.8,68.24 1 0
service-sites/mocks/IRepositoryMunicipalities.go:68.24,70.4 1 0
service-sites/mocks/IRepositoryMunicipalities.go:73.48,75.3 1 0
service-sites/mocks/IRepositoryMunicipalities.go:75.8,77.3 1 0
service-sites/mocks/IRepositoryMunicipalities.go:83.130,88.92 4 0
service-sites/mocks/IRepositoryMunicipalities.go:91.2,91.83 1 0
service-sites/mocks/IRepositoryMunicipalities.go:99.2,99.66 1 0
service-sites/mocks/IRepositoryMunicipalities.go:105.2,105.15 1 0
service-sites/mocks/IRepositoryMunicipalities.go:88.92,90.3 1 0
service-sites/mocks/IRepositoryMunicipalities.go:91.83,93.3 1 0
service-sites/mocks/IRepositoryMunicipalities.go:93.8,94.24 1 0
service-sites/mocks/IRepositoryMunicipalities.go:94.24,96.4 1 0
service-sites/mocks/IRepositoryMunicipalities.go:99.66,101.3 1 0
service-sites/mocks/IRepositoryMunicipalities.go:101.8,103.3 1 0
service-sites/mocks/IRepositoryMunicipalities.go:114.117,118.19 3 0
service-sites/mocks/IRepositoryMunicipalities.go:120.2,120.13 1 0
service-sites/mocks/IRepositoryMunicipalities.go:118.19,118.49 1 0
service-sites/mocks/IRepositorySubCategory.go:17.94,21.53 3 0
service-sites/mocks/IRepositorySubCategory.go:27.2,27.11 1 0
service-sites/mocks/IRepositorySubCategory.go:21.53,23.3 1 0
service-sites/mocks/IRepositorySubCategory.go:23.8,25.3 1 0
service-sites/mocks/IRepositorySubCategory.go:31.102,36.71 4 0
service-sites/mocks/IRepositorySubCategory.go:39.2,39.62 1 0
service-sites/mocks/IRepositorySubCategory.go:47.2,47.48 1 0
service-sites/mocks/IRepositorySubCategory.go:53.2,53.15 1 0
service-sites/mocks/IRepositorySubCategory.go:36.71,38.3 1 0
service-sites/mocks/IRepositorySubCategory.go:39.62,41.3 1 0
service-sites/mocks/IRepositorySubCategory.go:41.8,42.24 1 0
service-sites/mocks/IRepositorySubCategory.go:42.24,44.4 1 0
service-sites/mocks/IRepositorySubCategory.go:47.48,49.3 1 0
service-sites/mocks/IRepositorySubCategory.go:49.8,51.3 1 0
service-sites/mocks/IRepositorySubCategory.go:57.98,62.73 4 0
service-sites/mocks/IRepositorySubCategory.go:65.2,65.64 1 0
service-sites/mocks/IRepositorySubCategory.go:73.2,73.48 1 0
service-sites/mocks/IRepositorySubCategory.go:79.2,79.15 1 0
service-sites/mocks/IRepositorySubCategory.go:62.73,64.3 1 0
service-sites/mocks/IRepositorySubCategory.go:65.64,67.3 1 0
service-sites/mocks/IRepositorySubCategory.go:67.8,68.24 1 0
service-sites/mocks/IRepositorySubCategory.go:68.24,70.4 1 0
service-sites/mocks/IRepositorySubCategory.go:73.48,75.3 1 0
service-sites/mocks/IRepositorySubCategory.go:75.8,77.3 1 0
service-sites/mocks/IRepositorySubCategory.go:83.109,88.86 4 0
service-sites/mocks/IRepositorySubCategory.go:91.2,91.77 1 0
service-sites/mocks/IRepositorySubCategory.go:99.2,99.63 1 0
service-sites/mocks/IRepositorySubCategory.go:105.2,105.15 1 0
service-sites/mocks/IRepositorySubCategory.go:88.86,90.3 1 0
service-sites/mocks/IRepositorySubCategory.go:91.77,93.3 1 0
service-sites/mocks/IRepositorySubCategory.go:93.8,94.24 1 0
service-sites/mocks/IRepositorySubCategory.go:94.24,96.4 1 0
service-sites/mocks/IRepositorySubCategory.go:99.63,101.3 1 0
service-sites/mocks/IRepositorySubCategory.go:101.8,103.3 1 0
service-sites/mocks/IRepositorySubCategory.go:114.108,118.19 3 0
service-sites/mocks/IRepositorySubCategory.go:120.2,120.13 1 0
service-sites/mocks/IRepositorySubCategory.go:118.19,118.49 1 0
service-sites/mocks/IRepositoryReview.go:17.76,21.53 3 0
service-sites/mocks/IRepositoryReview.go:27.2,27.11 1 0
service-sites/mocks/IRepositoryReview.go:21.53,23.3 1 0
service-sites/mocks/IRepositoryReview.go:23.8,25.3 1 0
service-sites/mocks/IRepositoryReview.go:31.80,36.68 4 0
service-sites/mocks/IRepositoryReview.go:39.2,39.59 1 0
service-sites/mocks/IRepositoryReview.go:47.2,47.48 1 0
service-sites/mocks/IRepositoryReview.go:53.2,53.15 1 0
service-sites/mocks/IRepositoryReview.go:36.68,38.3 1 0
service-sites/mocks/IRepositoryReview.go:39.59,41.3 1 0
service-sites/mocks/IRepositoryReview.go:41.8,42.24 1 0
service-sites/mocks/IRepositoryReview.go:42.24,44.4 1 0
service-sites/mocks/IRepositoryReview.go:47.48,49.3 1 0
service-sites/mocks/IRepositoryReview.go:49.8,51.3 1 0
service-sites/mocks/IRepositoryReview.go:57.89,62.76 4 0
service-sites/mocks/IRepositoryReview.go:65.2,65.67 1 0
service-sites/mocks/IRepositoryReview.go:73.2,73.58 1 0
service-sites/mocks/IRepositoryReview.go:79.2,79.15 1 0
service-sites/mocks/IRepositoryReview.go:62.76,64.3 1 0
service-sites/mocks/IRepositoryReview.go:65.67,67.3 1 0
service-sites/mocks/IRepositoryReview.go:67.8,68.24 1 0
service-sites/mocks/IRepositoryReview.go:68.24,70.4 1 0
service-sites/mocks/IRepositoryReview.go:73.58,75.3 1 0
service-sites/mocks/IRepositoryReview.go:75.8,77.3 1 0
service-sites/mocks/IRepositoryReview.go:88.93,92.19 3 0
service-sites/mocks/IRepositoryReview.go:94.2,94.13 1 0
service-sites/mocks/IRepositoryReview.go:92.19,92.49 1 0
service-sites/internal/domain/entity/municipalities.go:26.60,28.2 1 0
service-sites/internal/domain/entity/municipalities.go:30.63,34.2 3 0
service-sites/internal/domain/entity/municipalities.go:36.63,39.2 2 0
service-sites/internal/domain/entity/resource.go:26.55,28.2 1 0
service-sites/internal/domain/entity/resource.go:30.57,34.2 3 0
service-sites/internal/domain/entity/resource.go:36.57,39.2 2 0
service-sites/internal/domain/utils/sql.go:3.68,7.33 4 0
service-sites/internal/domain/utils/sql.go:15.2,15.25 1 0
service-sites/internal/domain/utils/sql.go:7.33,8.13 1 0
service-sites/internal/domain/utils/sql.go:11.3,13.6 3 0
service-sites/internal/domain/utils/sql.go:8.13,10.4 1 0
service-sites/internal/utils/url_utils.go:9.33,12.2 2 0
service-sites/internal/utils/url_utils.go:14.47,17.2 2 6
service-sites/internal/domain/usecase/review.go:15.113,20.2 1 0
service-sites/internal/domain/usecase/review.go:22.76,24.33 2 0
service-sites/internal/domain/usecase/review.go:27.2,28.33 2 0
service-sites/internal/domain/usecase/review.go:32.2,32.122 1 0
service-sites/internal/domain/usecase/review.go:24.33,26.3 1 0
service-sites/internal/domain/usecase/review.go:28.33,30.3 1 0
service-sites/internal/domain/usecase/review.go:35.84,37.16 2 0
service-sites/internal/domain/usecase/review.go:40.2,40.116 1 0
service-sites/internal/domain/usecase/review.go:37.16,39.3 1 0
service-sites/internal/domain/usecase/review.go:43.67,45.16 2 0
service-sites/internal/domain/usecase/review.go:48.2,48.95 1 0
service-sites/internal/domain/usecase/review.go:45.16,47.3 1 0
service-sites/mocks/IGCImageRepo.go:17.97,21.76 3 6
service-sites/mocks/IGCImageRepo.go:27.2,27.11 1 6
service-sites/mocks/IGCImageRepo.go:21.76,23.3 1 0
service-sites/mocks/IGCImageRepo.go:23.8,25.3 1 6
service-sites/mocks/IGCImageRepo.go:31.105,36.86 4 6
service-sites/mocks/IGCImageRepo.go:39.2,39.77 1 6
service-sites/mocks/IGCImageRepo.go:45.2,45.76 1 6
service-sites/mocks/IGCImageRepo.go:51.2,51.15 1 6
service-sites/mocks/IGCImageRepo.go:36.86,38.3 1 0
service-sites/mocks/IGCImageRepo.go:39.77,41.3 1 0
service-sites/mocks/IGCImageRepo.go:41.8,43.3 1 6
service-sites/mocks/IGCImageRepo.go:45.76,47.3 1 0
service-sites/mocks/IGCImageRepo.go:47.8,49.3 1 6
service-sites/mocks/IGCImageRepo.go:60.78,64.19 3 20
service-sites/mocks/IGCImageRepo.go:66.2,66.13 1 20
service-sites/mocks/IGCImageRepo.go:64.19,64.49 1 20
service-sites/internal/domain/entity/category.go:26.54,28.2 1 0
service-sites/internal/domain/entity/category.go:30.57,34.2 3 0
service-sites/internal/domain/entity/category.go:36.57,39.2 2 0
service-sites/internal/domain/entity/review.go:19.55,23.2 3 0
service-sites/internal/domain/entity/review.go:25.55,28.2 2 0
service-sites/internal/domain/repository/review.go:19.57,23.2 1 0
service-sites/internal/domain/repository/review.go:25.87,28.2 2 0
service-sites/internal/domain/repository/review.go:29.78,33.2 3 0
service-sites/internal/domain/repository/review.go:34.74,37.2 2 0
service-sites/mocks/IRepositoryContact.go:17.79,21.53 3 2
service-sites/mocks/IRepositoryContact.go:27.2,27.11 1 2
service-sites/mocks/IRepositoryContact.go:21.53,23.3 1 0
service-sites/mocks/IRepositoryContact.go:23.8,25.3 1 2
service-sites/mocks/IRepositoryContact.go:31.94,36.78 4 2
service-sites/mocks/IRepositoryContact.go:39.2,39.69 1 2
service-sites/mocks/IRepositoryContact.go:47.2,47.59 1 2
service-sites/mocks/IRepositoryContact.go:53.2,53.15 1 2
service-sites/mocks/IRepositoryContact.go:36.78,38.3 1 0
service-sites/mocks/IRepositoryContact.go:39.69,41.3 1 0
service-sites/mocks/IRepositoryContact.go:41.8,42.24 1 2
service-sites/mocks/IRepositoryContact.go:42.24,44.4 1 2
service-sites/mocks/IRepositoryContact.go:47.59,49.3 1 0
service-sites/mocks/IRepositoryContact.go:49.8,51.3 1 2
service-sites/mocks/IRepositoryContact.go:62.96,66.19 3 4
service-sites/mocks/IRepositoryContact.go:68.2,68.13 1 4
service-sites/mocks/IRepositoryContact.go:66.19,66.49 1 4
service-sites/internal/domain/entity/department.go:24.55,26.2 1 0
service-sites/internal/domain/entity/department.go:28.59,32.2 3 0
service-sites/internal/domain/entity/department.go:34.59,37.2 2 0
service-sites/internal/domain/entity/municipalities.go:26.60,28.2 1 0
service-sites/internal/domain/entity/municipalities.go:30.63,34.2 3 0
service-sites/internal/domain/entity/municipalities.go:36.63,39.2 2 0
service-sites/internal/domain/entity/subcategory.go:29.57,31.2 1 0
service-sites/internal/domain/entity/subcategory.go:33.60,37.2 3 0
service-sites/internal/domain/entity/subcategory.go:39.60,42.2 2 0
service-sites/internal/domain/validator/cateogry.go:12.63,13.36 1 1
service-sites/internal/domain/validator/cateogry.go:13.36,18.44 4 1
service-sites/internal/domain/validator/cateogry.go:22.3,23.17 2 0
service-sites/internal/domain/validator/cateogry.go:18.44,21.4 2 1
service-sites/internal/domain/validator/municipalities.go:12.69,13.36 1 1
service-sites/internal/domain/validator/municipalities.go:13.36,18.50 4 1
service-sites/internal/domain/validator/municipalities.go:22.3,23.17 2 0
service-sites/internal/domain/validator/municipalities.go:18.50,21.4 2 1
service-sites/internal/domain/validator/sites.go:12.60,13.36 1 1
service-sites/internal/domain/validator/sites.go:13.36,18.41 4 1
service-sites/internal/domain/validator/sites.go:22.3,23.17 2 0
service-sites/internal/domain/validator/sites.go:18.41,21.4 2 1
service-sites/internal/domain/entity/contact.go:29.53,31.2 1 0
service-sites/internal/domain/entity/contact.go:33.56,37.2 3 0
service-sites/internal/domain/entity/contact.go:39.56,42.2 2 0
service-sites/internal/domain/entity/review.go:19.55,23.2 3 0
service-sites/internal/domain/entity/review.go:25.55,28.2 2 0
service-sites/internal/domain/validator/subcategory.go:12.66,13.36 1 1
service-sites/internal/domain/validator/subcategory.go:13.36,18.47 4 1
service-sites/internal/domain/validator/subcategory.go:22.3,23.17 2 0
service-sites/internal/domain/validator/subcategory.go:18.47,21.4 2 1
service-sites/internal/domain/entity/category.go:26.54,28.2 1 0
service-sites/internal/domain/entity/category.go:30.57,34.2 3 0
service-sites/internal/domain/entity/category.go:36.57,39.2 2 0
service-sites/internal/domain/entity/resource.go:26.55,28.2 1 0
service-sites/internal/domain/entity/resource.go:30.57,34.2 3 0
service-sites/internal/domain/entity/resource.go:36.57,39.2 2 0
service-sites/internal/infra/validation/client.go:19.41,20.17 1 8
service-sites/internal/infra/validation/client.go:33.2,33.17 1 8
service-sites/internal/infra/validation/client.go:20.17,26.13 5 1
service-sites/internal/infra/validation/client.go:29.3,29.85 1 1
service-sites/internal/infra/validation/client.go:26.13,28.4 1 0
service-sites/internal/infra/validation/client.go:29.85,31.4 1 0
service-sites/internal/infra/validation/client.go:41.86,45.25 2 8
service-sites/internal/infra/validation/client.go:53.2,53.15 1 8
service-sites/internal/infra/validation/client.go:45.25,51.3 2 37
service-sites/internal/domain/validator/resource.go:12.63,13.36 1 1
service-sites/internal/domain/validator/resource.go:13.36,18.44 4 1
service-sites/internal/domain/validator/resource.go:22.3,23.17 2 0
service-sites/internal/domain/validator/resource.go:18.44,21.4 2 1
service-sites/internal/domain/validator/review.go:14.61,15.36 1 1
service-sites/internal/domain/validator/review.go:15.36,20.42 5 1
service-sites/internal/domain/validator/review.go:24.3,28.17 5 0
service-sites/internal/domain/validator/review.go:20.42,23.4 2 1
service-sites/internal/domain/object_values/response.go:10.107,17.2 1 0
service-sites/internal/domain/entity/sites.go:43.50,45.2 1 0
service-sites/internal/domain/entity/sites.go:47.54,51.2 3 0
service-sites/internal/domain/entity/sites.go:53.54,56.2 2 0
service-sites/internal/domain/validator/contact.go:12.62,13.36 1 1
service-sites/internal/domain/validator/contact.go:13.36,18.43 4 1
service-sites/internal/domain/validator/contact.go:22.3,23.17 2 0
service-sites/internal/domain/validator/contact.go:18.43,21.4 2 1
service-sites/internal/domain/validator/department.go:12.65,13.36 1 1
service-sites/internal/domain/validator/department.go:13.36,18.46 4 1
service-sites/internal/domain/validator/department.go:22.3,23.17 2 0
service-sites/internal/domain/validator/department.go:18.46,21.4 2 1
